<?xml version="1.0" encoding="UTF-8"?>
<!-- Generated by org.testng.reporters.JUnitReportReporter -->
<testsuite hostname="USHYDSRIKOLLA1" name="com.cucumber.runner.PDPNonMattressDesign" tests="9" failures="0" timestamp="18 Mar 2020 11:40:45 GMT" time="654.925" errors="1">
  <testcase name="scenario" time="65.029" classname="com.cucumber.runner.PDPNonMattressDesign"/>
  <testcase name="scenario" time="85.610" classname="com.cucumber.runner.PDPNonMattressDesign"/>
  <testcase name="scenario" time="68.269" classname="com.cucumber.runner.PDPNonMattressDesign"/>
  <testcase name="scenario" time="83.606" classname="com.cucumber.runner.PDPNonMattressDesign"/>
  <testcase name="scenario" time="64.259" classname="com.cucumber.runner.PDPNonMattressDesign"/>
  <testcase name="scenario" time="65.693" classname="com.cucumber.runner.PDPNonMattressDesign"/>
  <testcase name="scenario" time="78.969" classname="com.cucumber.runner.PDPNonMattressDesign"/>
  <testcase name="scenario" time="77.975" classname="com.cucumber.runner.PDPNonMattressDesign"/>
  <testcase name="scenario" time="65.515" classname="com.cucumber.runner.PDPNonMattressDesign">
    <error type="java.lang.NullPointerException">
      <![CDATA[java.lang.NullPointerException
	at com.cucumber.stepdefinitions.CartStepdefs.i_delete_items_from_cart(CartStepdefs.java:225)
	at ✽.I delete items from cart(src/test/resources/features/PDPNonMattressDesign.feature:7)
]]>
    </error>
  </testcase> <!-- scenario -->
</testsuite> <!-- com.cucumber.runner.PDPNonMattressDesign -->
