<?xml version="1.0" encoding="UTF-8"?>
<!-- Generated by org.testng.reporters.JUnitReportReporter -->
<testsuite skipped="0" hostname="USHYDSRIKOLLA1" name="com.cucumber.runner.HomePage" tests="1" failures="0" timestamp="23 Dec 2020 10:53:16 GMT" time="0.437" errors="1">
  <testcase name="runScenario" time="0.437" classname="com.cucumber.runner.HomePage">
    <error type="java.lang.NullPointerException">
      <![CDATA[java.lang.NullPointerException
at com.cucumber.stepdefinitions.HomePageStepDefs.i_validate_sign_in_button(HomePageStepDefs.java:26)
at ✽.I validate sign in button(file:///C:/Users/srikolla/Documents/BEKAutomation/src/test/resources/features/HomePage.feature:6)
]]>
    </error>
  </testcase> <!-- runScenario -->
</testsuite> <!-- com.cucumber.runner.HomePage -->
