<?xml version="1.0" encoding="UTF-8"?>
<!-- Generated by org.testng.reporters.JUnitXMLReporter -->
<testsuite hostname="USHYDSRIKOLLA1" name="BobsTest" tests="66" failures="1" timestamp="18 Mar 2020 11:40:44 GMT" time="3472.542" errors="0">
  <testcase name="scenario" time="39.956" classname="com.cucumber.runner.HomePage"/>
  <testcase name="scenario" time="66.282" classname="com.cucumber.runner.CollectionPackages"/>
  <testcase name="scenario" time="74.846" classname="com.cucumber.runner.CollectionPackages"/>
  <testcase name="scenario" time="136.709" classname="com.cucumber.runner.HomePage"/>
  <testcase name="scenario" time="82.473" classname="com.cucumber.runner.HomePage"/>
  <testcase name="scenario" time="137.121" classname="com.cucumber.runner.CollectionPackages"/>
  <testcase name="scenario" time="65.418" classname="com.cucumber.runner.HomePage"/>
  <testcase name="scenario" time="78.336" classname="com.cucumber.runner.CollectionPackages"/>
  <testcase name="scenario" time="68.307" classname="com.cucumber.runner.PDPMattressDesign"/>
  <testcase name="scenario" time="88.306" classname="com.cucumber.runner.CollectionPackages"/>
  <testcase name="scenario" time="56.645" classname="com.cucumber.runner.PDPMattressDesign"/>
  <testcase name="scenario" time="93.596" classname="com.cucumber.runner.PDPMattressDesign"/>
  <testcase name="scenario" time="104.98" classname="com.cucumber.runner.CollectionPackages"/>
  <testcase name="scenario" time="61.656" classname="com.cucumber.runner.PDPMattressDesign"/>
  <testcase name="scenario" time="51.199" classname="com.cucumber.runner.PDPMattressDesign"/>
  <testcase name="scenario" time="171.955" classname="com.cucumber.runner.CollectionPackages"/>
  <testcase name="scenario" time="81.754" classname="com.cucumber.runner.PDPMattressDesign"/>
  <testcase name="scenario" time="77.564" classname="com.cucumber.runner.PDPMattressDesign"/>
  <testcase name="scenario" time="101.355" classname="com.cucumber.runner.CollectionPackages"/>
  <testcase name="scenario" time="69.567" classname="com.cucumber.runner.PDPMattressDesign"/>
  <testcase name="scenario" time="95.697" classname="com.cucumber.runner.CollectionPackages"/>
  <testcase name="scenario" time="64.478" classname="com.cucumber.runner.PDPMattressDesign"/>
  <testcase name="scenario" time="79.599" classname="com.cucumber.runner.CollectionPackages"/>
  <testcase name="scenario" time="70.373" classname="com.cucumber.runner.PDPMattressDesign"/>
  <testcase name="scenario" time="28.587" classname="com.cucumber.runner.ThresholdShipping"/>
  <testcase name="scenario" time="63.335" classname="com.cucumber.runner.PDPNonMattressDesign">
    <failure type="java.lang.NullPointerException">
      <![CDATA[java.lang.NullPointerException
	at com.cucumber.stepdefinitions.CartStepdefs.i_delete_items_from_cart(CartStepdefs.java:225)
	at ✽.I delete items from cart(src/test/resources/features/PDPNonMattressDesign.feature:7)
]]>
    </failure>
  </testcase> <!-- scenario -->
  <testcase name="scenario" time="71.55" classname="com.cucumber.runner.ThresholdShipping"/>
  <testcase name="scenario" time="73.426" classname="com.cucumber.runner.PDPNonMattressDesign"/>
  <testcase name="scenario" time="70.02" classname="com.cucumber.runner.ThresholdShipping"/>
  <testcase name="scenario" time="77.554" classname="com.cucumber.runner.PDPNonMattressDesign"/>
  <testcase name="scenario" time="69.908" classname="com.cucumber.runner.ThresholdShipping"/>
  <testcase name="scenario" time="63.966" classname="com.cucumber.runner.PDPNonMattressDesign"/>
  <testcase name="scenario" time="66.993" classname="com.cucumber.runner.ThresholdShipping"/>
  <testcase name="scenario" time="66.391" classname="com.cucumber.runner.PDPNonMattressDesign"/>
  <testcase name="scenario" time="62.429" classname="com.cucumber.runner.PDPNonMattressDesign"/>
  <testcase name="scenario" time="84.513" classname="com.cucumber.runner.ThresholdShipping"/>
  <testcase name="scenario" time="81.976" classname="com.cucumber.runner.PDPNonMattressDesign"/>
  <testcase name="scenario" time="72.516" classname="com.cucumber.runner.ThresholdShipping"/>
  <testcase name="scenario" time="62.511" classname="com.cucumber.runner.PDPNonMattressDesign"/>
  <testcase name="scenario" time="72.37" classname="com.cucumber.runner.ThresholdShipping"/>
  <testcase name="scenario" time="82.501" classname="com.cucumber.runner.PDPNonMattressDesign"/>
  <testcase name="scenario" time="58.177" classname="com.cucumber.runner.ERDPDP"/>
  <testcase name="scenario" time="149.068" classname="com.cucumber.runner.ThresholdTierPriceTier"/>
  <testcase name="scenario" time="27.989" classname="com.cucumber.runner.ERDPDP"/>
  <testcase name="scenario" time="79.75" classname="com.cucumber.runner.ERDPDP"/>
  <testcase name="scenario" time="63.713" classname="com.cucumber.runner.ERDPDP"/>
  <testcase name="scenario" time="155.649" classname="com.cucumber.runner.ThresholdTierPriceTier"/>
  <testcase name="scenario" time="78.311" classname="com.cucumber.runner.ERDPDP"/>
  <testcase name="scenario" time="63.435" classname="com.cucumber.runner.ERDPDP"/>
  <testcase name="scenario" time="157.76" classname="com.cucumber.runner.ThresholdTierPriceTier"/>
  <testcase name="scenario" time="75.883" classname="com.cucumber.runner.ERDPDP"/>
  <testcase name="scenario" time="75.106" classname="com.cucumber.runner.ERDPDP"/>
  <testcase name="scenario" time="171.981" classname="com.cucumber.runner.ThresholdTierPriceTier"/>
  <testcase name="scenario" time="91.676" classname="com.cucumber.runner.ERDPDP"/>
  <testcase name="scenario" time="77.997" classname="com.cucumber.runner.ERDPDP"/>
  <testcase name="scenario" time="163.837" classname="com.cucumber.runner.ThresholdTierPriceTier"/>
  <testcase name="scenario" time="125.146" classname="com.cucumber.runner.ThresholdTierPriceTier"/>
  <testcase name="scenario" time="101.769" classname="com.cucumber.runner.ThresholdTierPriceTier"/>
  <testcase name="scenario" time="129.329" classname="com.cucumber.runner.ThresholdTierPriceTier"/>
  <testcase name="scenario" time="105.282" classname="com.cucumber.runner.ThresholdTierPriceTier"/>
  <testcase name="scenario" time="105.906" classname="com.cucumber.runner.ThresholdTierPriceTier"/>
  <testcase name="scenario" time="110.392" classname="com.cucumber.runner.ThresholdTierPriceTier"/>
  <testcase name="scenario" time="90.81" classname="com.cucumber.runner.ThresholdTierPriceTier"/>
  <testcase name="scenario" time="96.353" classname="com.cucumber.runner.ThresholdTierPriceTier"/>
  <testcase name="scenario" time="96.893" classname="com.cucumber.runner.ThresholdTierPriceTier"/>
  <testcase name="scenario" time="85.158" classname="com.cucumber.runner.ThresholdTierPriceTier"/>
</testsuite> <!-- BobsTest -->
