<?xml version="1.0" encoding="UTF-8"?>
<!-- Generated by org.testng.reporters.JUnitXMLReporter -->
<testsuite hostname="USHYDSRIKOLLA1" ignored="0" name="Test1" tests="1" failures="1" timestamp="23 Dec 2020 10:43:06 GMT" time="0.826" errors="0">
  <testcase name="runScenario" time="0.421" classname="io.cucumber.testng.AbstractTestNGCucumberTests">
    <failure type="java.lang.NullPointerException">
      <![CDATA[java.lang.NullPointerException
at com.cucumber.stepdefinitions.HomePageStepDefs.i_validate_sign_in_button(HomePageStepDefs.java:26)
at ✽.I validate sign in button(file:///C:/Users/srikolla/Documents/BEKAutomation/src/test/resources/features/HomePage.feature:6)
]]>
    </failure>
  </testcase> <!-- runScenario -->
</testsuite> <!-- Test1 -->
